<?xml version="1.0" encoding="UTF-8"?>
<!-- Generated by org.testng.reporters.JUnitXMLReporter -->
<testsuite ignored="0" hostname="admin-PC" failures="0" tests="10" name="ffff" time="0.455" errors="0" timestamp="2025-02-28T23:11:38 IST">
  <testcase classname="com.groupone.in.GroupOne" name="groupMethodFunctional" time="0.027"/>
  <testcase classname="com.groupone.in.GroupOne" name="groupMethodSmokeandSanity" time="0.012"/>
  <testcase classname="com.groupone.in.GroupOne" name="groupMethodone" time="0.014"/>
  <testcase classname="com.groupone.in.GroupOne" name="groupMethodsanity" time="0.002"/>
  <testcase classname="com.groupone.in.GroupOne" name="groupMethodsmoke" time="0.004"/>
  <testcase classname="com.grouptwo.in.GroupTwo" name="groupMethodTwo" time="0.033"/>
  <testcase classname="com.grouptwo.in.GroupTwo" name="groupMethodTwoFunctional" time="0.007"/>
  <testcase classname="com.grouptwo.in.GroupTwo" name="groupMethodTwoSmokeandSanity" time="0.014"/>
  <testcase classname="com.grouptwo.in.GroupTwo" name="groupMethodTwosanity" time="0.011"/>
  <testcase classname="com.grouptwo.in.GroupTwo" name="groupMethodTwosmoke" time="0.006"/>
</testsuite> <!-- ffff -->
