<?xml version="1.0" encoding="UTF-8"?>
<!-- Generated by org.testng.reporters.JUnitXMLReporter -->
<testsuite ignored="0" hostname="admin-PC" failures="0" tests="10" name="functional" time="0.116" errors="0" timestamp="2025-03-03T16:05:05 IST">
  <testcase classname="com.regrnession.i.RegressionClass" name="functionalMethodFive" time="0.011"/>
  <testcase classname="com.regrnession.i.RegressionClass" name="functionalMethodFour" time="0.01"/>
  <testcase classname="com.regrnession.i.RegressionClass" name="functionalMethodThree" time="0.009"/>
  <testcase classname="com.functional.in.FunctionalClass" name="functionalMethodFive" time="0.011"/>
  <testcase classname="com.functional.in.FunctionalClass" name="functionalMethodFour" time="0.001"/>
  <testcase classname="com.functional.in.FunctionalClass" name="functionalMethodThree" time="0.002"/>
  <testcase classname="com.functional.in.FunctionalClass" name="functionalMethodTwo" time="0.002"/>
  <testcase classname="com.functional.in.FunctionalClass" name="functionalMethodone" time="0.001"/>
  <testcase classname="com.regrnession.i.RegressionClass" name="functionalMethodTwo" time="0.037"/>
  <testcase classname="com.regrnession.i.RegressionClass" name="functionalMethodone" time="0.001"/>
</testsuite> <!-- functional -->
