<?xml version="1.0" encoding="UTF-8"?>
<!-- Generated by org.testng.reporters.JUnitXMLReporter -->
<testsuite ignored="0" hostname="admin-PC" failures="0" tests="5" name="one" time="0.731" errors="0" timestamp="2025-02-26T18:32:54 IST">
  <testcase classname="com.groupone.in.GroupOne" name="groupMethodFunctional" time="0.111"/>
  <testcase classname="com.groupone.in.GroupOne" name="groupMethodSmokeandSanity" time="0.068"/>
  <testcase classname="com.groupone.in.GroupOne" name="groupMethodone" time="0.005"/>
  <testcase classname="com.groupone.in.GroupOne" name="groupMethodsanity" time="0.012"/>
  <testcase classname="com.groupone.in.GroupOne" name="groupMethodsmoke" time="0.008"/>
</testsuite> <!-- one -->
