<?xml version="1.0" encoding="UTF-8"?>
<!-- Generated by org.testng.reporters.JUnitXMLReporter -->
<testsuite ignored="0" hostname="admin-PC" failures="0" tests="5" name="regrnession" time="0.136" errors="0" timestamp="2025-03-03T12:24:45 IST">
  <testcase classname="com.regrnession.i.RegressionClass" name="functionalMethodFive" time="0.006"/>
  <testcase classname="com.regrnession.i.RegressionClass" name="functionalMethodThree" time="0.001"/>
  <testcase classname="com.regrnession.i.RegressionClass" name="functionalMethodFour" time="0.002"/>
  <testcase classname="com.regrnession.i.RegressionClass" name="functionalMethodone" time="0.001"/>
  <testcase classname="com.regrnession.i.RegressionClass" name="functionalMethodTwo" time="0.009"/>
</testsuite> <!-- regrnession -->
