<?xml version="1.0" encoding="UTF-8"?>
<!-- Generated by org.testng.reporters.JUnitXMLReporter -->
<testsuite ignored="0" hostname="admin-PC" failures="0" tests="5" name="sanity" time="0.105" errors="0" timestamp="2025-03-03T12:24:45 IST">
  <testcase classname="com.sanity.in.SanityClass" name="sanityMethodFive" time="0.004"/>
  <testcase classname="com.sanity.in.SanityClass" name="sanityMethodThree" time="0.002"/>
  <testcase classname="com.sanity.in.SanityClass" name="sanityMethodTwo" time="0.002"/>
  <testcase classname="com.sanity.in.SanityClass" name="sanityMethodone" time="0.001"/>
  <testcase classname="com.sanity.in.SanityClass" name="sanityMethodFour" time="0.073"/>
</testsuite> <!-- sanity -->
