<?xml version="1.0" encoding="UTF-8"?>
<!-- Generated by org.testng.reporters.JUnitXMLReporter -->
<testsuite ignored="0" hostname="admin-PC" failures="0" tests="10" name="smoke" time="0.172" errors="0" timestamp="2025-03-03T16:05:05 IST">
  <testcase classname="com.smoke.in.SmokeClass" name="smokeMethodFive" time="0.023"/>
  <testcase classname="com.sanity.in.SanityClass" name="sanityMethodFive" time="0.027"/>
  <testcase classname="com.smoke.in.SmokeClass" name="smokeMethodFour" time="0.002"/>
  <testcase classname="com.sanity.in.SanityClass" name="sanityMethodFour" time="0.002"/>
  <testcase classname="com.smoke.in.SmokeClass" name="smokeMethodThree" time="0.002"/>
  <testcase classname="com.smoke.in.SmokeClass" name="smokeMethodTwo" time="0.001"/>
  <testcase classname="com.smoke.in.SmokeClass" name="smokeMethodone" time="0.003"/>
  <testcase classname="com.sanity.in.SanityClass" name="sanityMethodThree" time="0.007"/>
  <testcase classname="com.sanity.in.SanityClass" name="sanityMethodTwo" time="0.005"/>
  <testcase classname="com.sanity.in.SanityClass" name="sanityMethodone" time="0.002"/>
</testsuite> <!-- smoke -->
