<?xml version="1.0" encoding="UTF-8"?>
<!-- Generated by org.testng.reporters.JUnitXMLReporter -->
<testsuite ignored="0" hostname="admin-PC" failures="1" tests="3" name="Test" time="64.172" errors="0" timestamp="2025-03-11T19:59:32 IST">
  <testcase classname="com.login.in.LoginWithoutValidCredentals" name="loginWithInvalidCredentials" time="2.507">
    <failure type="java.lang.ArithmeticException" message="/ by zero">
      <![CDATA[java.lang.ArithmeticException: / by zero
at com.login.in.LoginWithoutValidCredentals.loginWithInvalidCredentials(LoginWithoutValidCredentals.java:71)
at java.base/java.util.ArrayList.forEach(ArrayList.java:1511)
... Removed 27 stack frames]]>
    </failure>
  </testcase> <!-- loginWithInvalidCredentials -->
  <testcase classname="com.login.in.LoginWithoutValidCredentals" name="loginWithValidCredentials" time="3.077"/>
  <testcase classname="com.login.in.LoginWithoutValidCredentals" name="loginWithoutCredentials" time="0.0">
    <skipped/>
  </testcase> <!-- loginWithoutCredentials -->
</testsuite> <!-- Test -->
