<?xml version="1.0" encoding="UTF-8"?>
<!-- Generated by org.testng.reporters.JUnitXMLReporter -->
<testsuite ignored="0" hostname="admin-PC" failures="0" tests="6" name="three" time="0.142" errors="0" timestamp="2025-02-26T18:32:54 IST">
  <testcase classname="com.groupthree.in.GroupThree" name="adependsMethods" time="0.01"/>
  <testcase classname="com.groupthree.in.GroupThree" name="bgroupMethodThreeSmokeandSanity" time="0.006"/>
  <testcase classname="com.groupthree.in.GroupThree" name="groupMethodThree" time="0.009"/>
  <testcase classname="com.groupthree.in.GroupThree" name="groupMethodThreeFunctional" time="0.01"/>
  <testcase classname="com.groupthree.in.GroupThree" name="groupMethodThreesanity" time="0.004"/>
  <testcase classname="com.groupthree.in.GroupThree" name="groupMethodThreesmoke" time="0.007"/>
</testsuite> <!-- three -->
