<?xml version="1.0" encoding="UTF-8"?>
<!-- Generated by org.testng.reporters.JUnitXMLReporter -->
<testsuite ignored="0" hostname="admin-PC" failures="0" tests="5" name="two" time="0.156" errors="0" timestamp="2025-02-26T18:32:54 IST">
  <testcase classname="com.grouptwo.in.GroupTwo" name="groupMethodTwo" time="0.01"/>
  <testcase classname="com.grouptwo.in.GroupTwo" name="groupMethodTwoFunctional" time="0.022"/>
  <testcase classname="com.grouptwo.in.GroupTwo" name="groupMethodTwoSmokeandSanity" time="0.007"/>
  <testcase classname="com.grouptwo.in.GroupTwo" name="groupMethodTwosanity" time="0.003"/>
  <testcase classname="com.grouptwo.in.GroupTwo" name="groupMethodTwosmoke" time="0.002"/>
</testsuite> <!-- two -->
